0 info it worked if it ends with ok
1 verbose cli [ '/usr/bin/node',
1 verbose cli   '/usr/bin/npm',
1 verbose cli   'install',
1 verbose cli   'libphonenumbers',
1 verbose cli   '-',
1 verbose cli   'save' ]
2 info using npm@3.5.2
3 info using node@v8.10.0
4 silly loadCurrentTree Starting
5 silly install loadCurrentTree
6 silly install readLocalPackageData
7 silly fetchPackageMetaData libphonenumbers
8 silly fetchPackageMetaData -
9 silly fetchPackageMetaData save
10 silly fetchNamedPackageData libphonenumbers
11 silly mapToRegistry name libphonenumbers
12 silly mapToRegistry using default registry
13 silly mapToRegistry registry https://registry.npmjs.org/
14 silly mapToRegistry uri https://registry.npmjs.org/libphonenumbers
15 silly fetchOtherPackageData -
16 silly cache add args [ '-', null ]
17 verbose cache add spec -
18 silly fetchNamedPackageData save
19 silly mapToRegistry name save
20 silly mapToRegistry using default registry
21 silly mapToRegistry registry https://registry.npmjs.org/
22 silly mapToRegistry uri https://registry.npmjs.org/save
23 verbose request uri https://registry.npmjs.org/libphonenumbers
24 verbose request no auth needed
25 info attempt registry request try #1 at 2:04:00 PM
26 verbose request id b68c410cb812de65
27 http request GET https://registry.npmjs.org/libphonenumbers
28 silly cache add parsed spec Result {
28 silly cache add   raw: '-',
28 silly cache add   scope: null,
28 silly cache add   name: null,
28 silly cache add   rawSpec: '-',
28 silly cache add   spec: '/home/areli/BabyDevs/ProyectoIntegradorEquipo3/-',
28 silly cache add   type: 'local' }
29 verbose request uri https://registry.npmjs.org/save
30 verbose request no auth needed
31 info attempt registry request try #1 at 2:04:00 PM
32 http request GET https://registry.npmjs.org/save
33 error addLocal Could not install /home/areli/BabyDevs/ProyectoIntegradorEquipo3/-
34 silly fetchPackageMetaData Error: ENOENT: no such file or directory, open '/home/areli/BabyDevs/ProyectoIntegradorEquipo3/-'
34 silly fetchPackageMetaData  error for - { Error: ENOENT: no such file or directory, open '/home/areli/BabyDevs/ProyectoIntegradorEquipo3/-'
34 silly fetchPackageMetaData   errno: -2,
34 silly fetchPackageMetaData   code: 'ENOENT',
34 silly fetchPackageMetaData   syscall: 'open',
34 silly fetchPackageMetaData   path: '/home/areli/BabyDevs/ProyectoIntegradorEquipo3/-' }
35 http 200 https://registry.npmjs.org/save
36 verbose headers { date: 'Thu, 09 Nov 2023 20:04:00 GMT',
36 verbose headers   'content-type': 'application/json',
36 verbose headers   'transfer-encoding': 'chunked',
36 verbose headers   connection: 'keep-alive',
36 verbose headers   'cf-ray': '8238a98ff8e04e0c-MCI',
36 verbose headers   'cf-cache-status': 'REVALIDATED',
36 verbose headers   'access-control-allow-origin': '*',
36 verbose headers   'cache-control': 'public, max-age=300',
36 verbose headers   etag: 'W/"c3b65063064affe882153ecb3e6aa72b"',
36 verbose headers   'last-modified': 'Fri, 23 Sep 2022 04:45:04 GMT',
36 verbose headers   vary: 'accept-encoding, accept',
36 verbose headers   server: 'cloudflare',
36 verbose headers   'content-encoding': 'gzip' }
37 silly get cb [ 200,
37 silly get   { date: 'Thu, 09 Nov 2023 20:04:00 GMT',
37 silly get     'content-type': 'application/json',
37 silly get     'transfer-encoding': 'chunked',
37 silly get     connection: 'keep-alive',
37 silly get     'cf-ray': '8238a98ff8e04e0c-MCI',
37 silly get     'cf-cache-status': 'REVALIDATED',
37 silly get     'access-control-allow-origin': '*',
37 silly get     'cache-control': 'public, max-age=300',
37 silly get     etag: 'W/"c3b65063064affe882153ecb3e6aa72b"',
37 silly get     'last-modified': 'Fri, 23 Sep 2022 04:45:04 GMT',
37 silly get     vary: 'accept-encoding, accept',
37 silly get     server: 'cloudflare',
37 silly get     'content-encoding': 'gzip' } ]
38 verbose get saving save to /home/areli/.npm/registry.npmjs.org/save/.cache.json
39 http 200 https://registry.npmjs.org/libphonenumbers
40 verbose headers { date: 'Thu, 09 Nov 2023 20:04:01 GMT',
40 verbose headers   'content-type': 'application/json',
40 verbose headers   'transfer-encoding': 'chunked',
40 verbose headers   connection: 'keep-alive',
40 verbose headers   'cf-ray': '8238a98ff8084df7-MCI',
40 verbose headers   'cf-cache-status': 'MISS',
40 verbose headers   'access-control-allow-origin': '*',
40 verbose headers   'cache-control': 'public, max-age=300',
40 verbose headers   etag: 'W/"688e9314e4d061cf406e16c97f72b452"',
40 verbose headers   'last-modified': 'Sat, 07 May 2022 23:15:38 GMT',
40 verbose headers   vary: 'accept-encoding, accept',
40 verbose headers   server: 'cloudflare',
40 verbose headers   'content-encoding': 'gzip' }
41 silly get cb [ 200,
41 silly get   { date: 'Thu, 09 Nov 2023 20:04:01 GMT',
41 silly get     'content-type': 'application/json',
41 silly get     'transfer-encoding': 'chunked',
41 silly get     connection: 'keep-alive',
41 silly get     'cf-ray': '8238a98ff8084df7-MCI',
41 silly get     'cf-cache-status': 'MISS',
41 silly get     'access-control-allow-origin': '*',
41 silly get     'cache-control': 'public, max-age=300',
41 silly get     etag: 'W/"688e9314e4d061cf406e16c97f72b452"',
41 silly get     'last-modified': 'Sat, 07 May 2022 23:15:38 GMT',
41 silly get     vary: 'accept-encoding, accept',
41 silly get     server: 'cloudflare',
41 silly get     'content-encoding': 'gzip' } ]
42 verbose get saving libphonenumbers to /home/areli/.npm/registry.npmjs.org/libphonenumbers/.cache.json
43 silly rollbackFailedOptional Starting
44 silly rollbackFailedOptional Finishing
45 silly runTopLevelLifecycles Starting
46 silly runTopLevelLifecycles Finishing
47 silly install printInstalled
48 verbose stack Error: ENOENT: no such file or directory, open '/home/areli/BabyDevs/ProyectoIntegradorEquipo3/-'
49 verbose cwd /home/areli/BabyDevs/ProyectoIntegradorEquipo3
50 error Linux 5.4.0-124-generic
51 error argv "/usr/bin/node" "/usr/bin/npm" "install" "libphonenumbers" "-" "save"
52 error node v8.10.0
53 error npm  v3.5.2
54 error path /home/areli/BabyDevs/ProyectoIntegradorEquipo3/-
55 error code ENOENT
56 error errno -2
57 error syscall open
58 error enoent ENOENT: no such file or directory, open '/home/areli/BabyDevs/ProyectoIntegradorEquipo3/-'
59 error enoent ENOENT: no such file or directory, open '/home/areli/BabyDevs/ProyectoIntegradorEquipo3/-'
59 error enoent This is most likely not a problem with npm itself
59 error enoent and is related to npm not being able to find a file.
60 verbose exit [ -2, true ]
